<?xml version="1.0" encoding="UTF-8"?>
<!-- Generated by org.testng.reporters.JUnitXMLReporter -->
<testsuite ignored="0" hostname="LAPTOP-27TSDPVS" failures="1" tests="1" name="Default test" time="9.069" errors="0" timestamp="2023-01-07T21:52:26 GMT">
  <testcase classname="io.cucumber.testng.AbstractTestNGCucumberTests" name="runScenario" time="8.109">
    <failure type="java.lang.AssertionError" message="User has not registered">
      <![CDATA[java.lang.AssertionError: User has not registered
at org.testng.Assert.fail(Assert.java:110)
at Stepdefinitions.Register.user_should_be_able_to_successfully_register(Register.java:82)
at ✽.User should be able to successfully register(file:///D:/SeleniumJava/Cucumberproject/src/test/java/Features/Register.feature:16)
]]>
    </failure>
  </testcase> <!-- runScenario -->
</testsuite> <!-- Default test -->
