<?xml version="1.0" encoding="UTF-8"?>
<!-- Generated by org.testng.reporters.JUnitReportReporter -->
<testsuite hostname="LAPTOP-27TSDPVS" failures="1" tests="1" name="Runner.TestRunner" time="8.109" errors="0" timestamp="2023-01-07T21:52:26 GMT" skipped="0">
  <testcase classname="Runner.TestRunner" name="runScenario" time="8.109">
    <failure message="User has not registered" type="java.lang.AssertionError">
      <![CDATA[java.lang.AssertionError: User has not registered
at org.testng.Assert.fail(Assert.java:110)
at Stepdefinitions.Register.user_should_be_able_to_successfully_register(Register.java:82)
at ✽.User should be able to successfully register(file:///D:/SeleniumJava/Cucumberproject/src/test/java/Features/Register.feature:16)
]]>
    </failure>
  </testcase> <!-- runScenario -->
  <system-out/>
</testsuite> <!-- Runner.TestRunner -->
